<?xml version="1.0" encoding="UTF-8"?>
<!-- Generated by org.testng.reporters.JUnitXMLReporter -->
<testsuite hostname="admin1-X402CA" ignored="0" name="Test" tests="4" failures="0" timestamp="29 июл 2018 21:51:38 GMT" time="83.792" errors="0">
  <testcase name="test2SaveFilter" time="18.544" classname="tests.SearchJira"/>
  <testcase name="test1ValidJQL" time="18.502" classname="tests.SearchJira"/>
  <testcase name="testCheckingOfProjectFilter" time="13.205" classname="tests.SearchJira"/>
  <testcase name="test4InvalidJQL" time="14.955" classname="tests.SearchJira"/>
</testsuite> <!-- Test -->
