<?xml version="1.0" encoding="UTF-8"?>
<testng-results skipped="0" failed="3" ignored="0" total="10" passed="7">
  <reporter-output>
  </reporter-output>
  <suite name="TestSuite" duration-ms="170358" started-at="2019-02-15T12:59:39Z" finished-at="2019-02-15T13:02:29Z">
    <groups>
    </groups>
    <test name="Test" duration-ms="170358" started-at="2019-02-15T12:59:39Z" finished-at="2019-02-15T13:02:29Z">
      <class name="tests.SearchJira">
        <test-method status="PASS" signature="setupSuite()[pri:0, instance:tests.SearchJira@d74bac4]" name="setupSuite" is-config="true" duration-ms="11995" started-at="2019-02-15T12:59:27Z" finished-at="2019-02-15T12:59:39Z">
          <reporter-output>
          </reporter-output>
        </test-method> <!-- setupSuite -->
        <test-method status="PASS" signature="setupTest()[pri:0, instance:tests.SearchJira@d74bac4]" name="setupTest" is-config="true" duration-ms="7415" started-at="2019-02-15T12:59:39Z" finished-at="2019-02-15T12:59:46Z">
          <reporter-output>
          </reporter-output>
        </test-method> <!-- setupTest -->
        <test-method status="FAIL" signature="CheckingProjectFilterEpicType()[pri:0, instance:tests.SearchJira@d74bac4]" name="CheckingProjectFilterEpicType" duration-ms="10781" started-at="2019-02-15T12:59:46Z" finished-at="2019-02-15T12:59:57Z">
          <exception class="com.codeborne.selenide.ex.ElementShould">
            <message>
              <![CDATA[Element should have attribute data-key {.focused}
Element: '<tr class="issuerow focused issue-table-draggable" data-issuekey="QAAUT7-714" id="issuerow47222" rel="47222">QAAUT7-714
No description
Unassigned Alex_Tropp BACKLOG Unresolved 12/Feb/19 12/Feb/19  </tr>']]>
            </message>
            <full-stacktrace>
              <![CDATA[Element should have attribute data-key {.focused}
Element: '<tr class="issuerow focused issue-table-draggable" data-issuekey="QAAUT7-714" id="issuerow47222" rel="47222">QAAUT7-714
No description
Unassigned Alex_Tropp BACKLOG Unresolved 12/Feb/19 12/Feb/19  </tr>'
Screenshot: file:/home/stolbtsov/Git/Search-in-Jira/build/reports/tests/1550235596993.0.png
Page source: file:/home/stolbtsov/Git/Search-in-Jira/build/reports/tests/1550235596993.0.html
Timeout: 4 s.
at com.codeborne.selenide.impl.WebElementSource.checkCondition(WebElementSource.java:66)
at com.codeborne.selenide.commands.Should.should(Should.java:35)
at com.codeborne.selenide.commands.Should.execute(Should.java:29)
at com.codeborne.selenide.commands.Should.execute(Should.java:12)
at com.codeborne.selenide.commands.Commands.execute(Commands.java:144)
at com.codeborne.selenide.impl.SelenideElementProxy.dispatchAndRetry(SelenideElementProxy.java:90)
at com.codeborne.selenide.impl.SelenideElementProxy.invoke(SelenideElementProxy.java:65)
at com.sun.proxy.$Proxy6.shouldHave(Unknown Source)
at pages.SearchPage.searchResultsContains(SearchPage.java:72)
at tests.SearchJira.CheckingProjectFilterEpicType(SearchJira.java:145)
at sun.reflect.NativeMethodAccessorImpl.invoke0(Native Method)
at sun.reflect.NativeMethodAccessorImpl.invoke(NativeMethodAccessorImpl.java:62)
at sun.reflect.DelegatingMethodAccessorImpl.invoke(DelegatingMethodAccessorImpl.java:43)
at java.lang.reflect.Method.invoke(Method.java:498)
at org.testng.internal.MethodInvocationHelper.invokeMethod(MethodInvocationHelper.java:124)
at org.testng.internal.Invoker.invokeMethod(Invoker.java:583)
at org.testng.internal.Invoker.invokeTestMethod(Invoker.java:719)
at org.testng.internal.Invoker.invokeTestMethods(Invoker.java:989)
at org.testng.internal.TestMethodWorker.invokeTestMethods(TestMethodWorker.java:125)
at org.testng.internal.TestMethodWorker.run(TestMethodWorker.java:109)
at org.testng.TestRunner.privateRun(TestRunner.java:648)
at org.testng.TestRunner.run(TestRunner.java:505)
at org.testng.SuiteRunner.runTest(SuiteRunner.java:455)
at org.testng.SuiteRunner.runSequentially(SuiteRunner.java:450)
at org.testng.SuiteRunner.privateRun(SuiteRunner.java:415)
at org.testng.SuiteRunner.run(SuiteRunner.java:364)
at org.testng.SuiteRunnerWorker.runSuite(SuiteRunnerWorker.java:52)
at org.testng.SuiteRunnerWorker.run(SuiteRunnerWorker.java:84)
at org.testng.TestNG.runSuitesSequentially(TestNG.java:1208)
at org.testng.TestNG.runSuitesLocally(TestNG.java:1137)
at org.testng.TestNG.runSuites(TestNG.java:1049)
at org.testng.TestNG.run(TestNG.java:1017)
at org.apache.maven.surefire.testng.TestNGExecutor.run(TestNGExecutor.java:283)
at org.apache.maven.surefire.testng.TestNGXmlTestSuite.execute(TestNGXmlTestSuite.java:75)
at org.apache.maven.surefire.testng.TestNGProvider.invoke(TestNGProvider.java:120)
at org.apache.maven.surefire.booter.ForkedBooter.invokeProviderInSameClassLoader(ForkedBooter.java:384)
at org.apache.maven.surefire.booter.ForkedBooter.runSuitesInProcess(ForkedBooter.java:345)
at org.apache.maven.surefire.booter.ForkedBooter.execute(ForkedBooter.java:126)
at org.apache.maven.surefire.booter.ForkedBooter.main(ForkedBooter.java:418)
]]>
            </full-stacktrace>
          </exception> <!-- com.codeborne.selenide.ex.ElementShould -->
          <reporter-output>
          </reporter-output>
        </test-method> <!-- CheckingProjectFilterEpicType -->
        <test-method status="PASS" signature="closeBrowser()[pri:0, instance:tests.SearchJira@d74bac4]" name="closeBrowser" is-config="true" duration-ms="91" started-at="2019-02-15T12:59:57Z" finished-at="2019-02-15T12:59:57Z">
          <reporter-output>
          </reporter-output>
        </test-method> <!-- closeBrowser -->
        <test-method status="PASS" signature="setupTest()[pri:0, instance:tests.SearchJira@d74bac4]" name="setupTest" is-config="true" duration-ms="9388" started-at="2019-02-15T12:59:57Z" finished-at="2019-02-15T13:00:07Z">
          <reporter-output>
          </reporter-output>
        </test-method> <!-- setupTest -->
        <test-method status="PASS" signature="alertMessageOfBrowserFilterPage()[pri:0, instance:tests.SearchJira@d74bac4]" name="alertMessageOfBrowserFilterPage" duration-ms="10283" started-at="2019-02-15T13:00:07Z" finished-at="2019-02-15T13:00:17Z">
          <reporter-output>
          </reporter-output>
        </test-method> <!-- alertMessageOfBrowserFilterPage -->
        <test-method status="PASS" signature="closeBrowser()[pri:0, instance:tests.SearchJira@d74bac4]" name="closeBrowser" is-config="true" duration-ms="101" started-at="2019-02-15T13:00:17Z" finished-at="2019-02-15T13:00:17Z">
          <reporter-output>
          </reporter-output>
        </test-method> <!-- closeBrowser -->
        <test-method status="PASS" signature="setupTest()[pri:0, instance:tests.SearchJira@d74bac4]" name="setupTest" is-config="true" duration-ms="8824" started-at="2019-02-15T13:00:17Z" finished-at="2019-02-15T13:00:26Z">
          <reporter-output>
          </reporter-output>
        </test-method> <!-- setupTest -->
        <test-method status="PASS" signature="checkingOfNewFilterButton()[pri:0, instance:tests.SearchJira@d74bac4]" name="checkingOfNewFilterButton" duration-ms="7464" started-at="2019-02-15T13:00:26Z" finished-at="2019-02-15T13:00:33Z">
          <reporter-output>
          </reporter-output>
        </test-method> <!-- checkingOfNewFilterButton -->
        <test-method status="PASS" signature="closeBrowser()[pri:0, instance:tests.SearchJira@d74bac4]" name="closeBrowser" is-config="true" duration-ms="76" started-at="2019-02-15T13:00:33Z" finished-at="2019-02-15T13:00:33Z">
          <reporter-output>
          </reporter-output>
        </test-method> <!-- closeBrowser -->
        <test-method status="PASS" signature="setupTest()[pri:0, instance:tests.SearchJira@d74bac4]" name="setupTest" is-config="true" duration-ms="8312" started-at="2019-02-15T13:00:33Z" finished-at="2019-02-15T13:00:42Z">
          <reporter-output>
          </reporter-output>
        </test-method> <!-- setupTest -->
        <test-method status="PASS" signature="epmtyResultsIssue()[pri:0, instance:tests.SearchJira@d74bac4]" name="epmtyResultsIssue" duration-ms="7714" started-at="2019-02-15T13:00:42Z" finished-at="2019-02-15T13:00:49Z">
          <reporter-output>
          </reporter-output>
        </test-method> <!-- epmtyResultsIssue -->
        <test-method status="PASS" signature="closeBrowser()[pri:0, instance:tests.SearchJira@d74bac4]" name="closeBrowser" is-config="true" duration-ms="82" started-at="2019-02-15T13:00:49Z" finished-at="2019-02-15T13:00:49Z">
          <reporter-output>
          </reporter-output>
        </test-method> <!-- closeBrowser -->
        <test-method status="PASS" signature="setupTest()[pri:0, instance:tests.SearchJira@d74bac4]" name="setupTest" is-config="true" duration-ms="5982" started-at="2019-02-15T13:00:49Z" finished-at="2019-02-15T13:00:55Z">
          <reporter-output>
          </reporter-output>
        </test-method> <!-- setupTest -->
        <test-method status="FAIL" signature="testCheckingOfProjectFilter()[pri:0, instance:tests.SearchJira@d74bac4]" name="testCheckingOfProjectFilter" duration-ms="10301" started-at="2019-02-15T13:00:55Z" finished-at="2019-02-15T13:01:06Z">
          <exception class="com.codeborne.selenide.ex.ElementNotFound">
            <message>
              <![CDATA[Element not found {.item-label}
Expected: exist]]>
            </message>
            <full-stacktrace>
              <![CDATA[Element not found {.item-label}
Expected: exist
Screenshot: file:/home/stolbtsov/Git/Search-in-Jira/build/reports/tests/1550235665725.1.png
Page source: file:/home/stolbtsov/Git/Search-in-Jira/build/reports/tests/1550235665725.1.html
Timeout: 4 s.
Caused by: NoSuchElementException: no such element: Unable to locate element: {"method":"css selector","selector":".item-label"}
at com.codeborne.selenide.impl.WebElementSource.createElementNotFoundError(WebElementSource.java:31)
at com.codeborne.selenide.impl.ElementFinder.createElementNotFoundError(ElementFinder.java:82)
at com.codeborne.selenide.impl.SelenideElementProxy.dispatchAndRetry(SelenideElementProxy.java:119)
at com.codeborne.selenide.impl.SelenideElementProxy.invoke(SelenideElementProxy.java:65)
at com.sun.proxy.$Proxy6.getAttribute(Unknown Source)
at tests.SearchJira.testCheckingOfProjectFilter(SearchJira.java:88)
at sun.reflect.NativeMethodAccessorImpl.invoke0(Native Method)
at sun.reflect.NativeMethodAccessorImpl.invoke(NativeMethodAccessorImpl.java:62)
at sun.reflect.DelegatingMethodAccessorImpl.invoke(DelegatingMethodAccessorImpl.java:43)
at java.lang.reflect.Method.invoke(Method.java:498)
at org.testng.internal.MethodInvocationHelper.invokeMethod(MethodInvocationHelper.java:124)
at org.testng.internal.Invoker.invokeMethod(Invoker.java:583)
at org.testng.internal.Invoker.invokeTestMethod(Invoker.java:719)
at org.testng.internal.Invoker.invokeTestMethods(Invoker.java:989)
at org.testng.internal.TestMethodWorker.invokeTestMethods(TestMethodWorker.java:125)
at org.testng.internal.TestMethodWorker.run(TestMethodWorker.java:109)
at org.testng.TestRunner.privateRun(TestRunner.java:648)
at org.testng.TestRunner.run(TestRunner.java:505)
at org.testng.SuiteRunner.runTest(SuiteRunner.java:455)
at org.testng.SuiteRunner.runSequentially(SuiteRunner.java:450)
at org.testng.SuiteRunner.privateRun(SuiteRunner.java:415)
at org.testng.SuiteRunner.run(SuiteRunner.java:364)
at org.testng.SuiteRunnerWorker.runSuite(SuiteRunnerWorker.java:52)
at org.testng.SuiteRunnerWorker.run(SuiteRunnerWorker.java:84)
at org.testng.TestNG.runSuitesSequentially(TestNG.java:1208)
at org.testng.TestNG.runSuitesLocally(TestNG.java:1137)
at org.testng.TestNG.runSuites(TestNG.java:1049)
at org.testng.TestNG.run(TestNG.java:1017)
at org.apache.maven.surefire.testng.TestNGExecutor.run(TestNGExecutor.java:283)
at org.apache.maven.surefire.testng.TestNGXmlTestSuite.execute(TestNGXmlTestSuite.java:75)
at org.apache.maven.surefire.testng.TestNGProvider.invoke(TestNGProvider.java:120)
at org.apache.maven.surefire.booter.ForkedBooter.invokeProviderInSameClassLoader(ForkedBooter.java:384)
at org.apache.maven.surefire.booter.ForkedBooter.runSuitesInProcess(ForkedBooter.java:345)
at org.apache.maven.surefire.booter.ForkedBooter.execute(ForkedBooter.java:126)
at org.apache.maven.surefire.booter.ForkedBooter.main(ForkedBooter.java:418)
Caused by: org.openqa.selenium.NoSuchElementException: no such element: Unable to locate element: {"method":"css selector","selector":".item-label"}
  (Session info: chrome=72.0.3626.96)
  (Driver info: chromedriver=73.0.3683.20 (8e2b610813e167eee3619ac4ce6e42e3ec622017),platform=Linux 4.15.0-45-generic x86_64) (WARNING: The server did not provide any stacktrace information)
Command duration or timeout: 0 milliseconds
For documentation on this error, please visit: http://seleniumhq.org/exceptions/no_such_element.html
Build info: version: '3.14.0', revision: 'aacccce0', time: '2018-08-02T20:19:58.91Z'
System info: host: 'stolbtsov-Vostro-15-3568', ip: '127.0.1.1', os.name: 'Linux', os.arch: 'amd64', os.version: '4.15.0-45-generic', java.version: '1.8.0_191'
Driver info: org.openqa.selenium.chrome.ChromeDriver
Capabilities {acceptInsecureCerts: false, acceptSslCerts: false, applicationCacheEnabled: false, browserConnectionEnabled: false, browserName: chrome, chrome: {chromedriverVersion: 73.0.3683.20 (8e2b610813e16..., userDataDir: /tmp/.com.google.Chrome.PVfdTf}, cssSelectorsEnabled: true, databaseEnabled: false, goog:chromeOptions: {debuggerAddress: localhost:33215}, handlesAlerts: true, hasTouchScreen: false, javascriptEnabled: true, locationContextEnabled: true, mobileEmulationEnabled: false, nativeEvents: true, networkConnectionEnabled: false, pageLoadStrategy: normal, platform: LINUX, platformName: LINUX, proxy: Proxy(), rotatable: false, setWindowRect: true, strictFileInteractability: false, takesHeapSnapshot: true, takesScreenshot: true, timeouts: {implicit: 0, pageLoad: 300000, script: 30000}, unexpectedAlertBehaviour: ignore, unhandledPromptBehavior: ignore, version: 72.0.3626.96, webStorageEnabled: true}
Session ID: 2eebd3cf0095816641c92f48cbd926b1
*** Element info: {Using=css selector, value=.item-label}
at sun.reflect.GeneratedConstructorAccessor11.newInstance(Unknown Source)
at sun.reflect.DelegatingConstructorAccessorImpl.newInstance(DelegatingConstructorAccessorImpl.java:45)
at java.lang.reflect.Constructor.newInstance(Constructor.java:423)
at org.openqa.selenium.remote.ErrorHandler.createThrowable(ErrorHandler.java:214)
at org.openqa.selenium.remote.ErrorHandler.throwIfResponseFailed(ErrorHandler.java:166)
at org.openqa.selenium.remote.http.JsonHttpResponseCodec.reconstructValue(JsonHttpResponseCodec.java:40)
at org.openqa.selenium.remote.http.AbstractHttpResponseCodec.decode(AbstractHttpResponseCodec.java:80)
at org.openqa.selenium.remote.http.AbstractHttpResponseCodec.decode(AbstractHttpResponseCodec.java:44)
at org.openqa.selenium.remote.HttpCommandExecutor.execute(HttpCommandExecutor.java:158)
at org.openqa.selenium.remote.service.DriverCommandExecutor.execute(DriverCommandExecutor.java:83)
at org.openqa.selenium.remote.RemoteWebDriver.execute(RemoteWebDriver.java:548)
at org.openqa.selenium.remote.RemoteWebDriver.findElement(RemoteWebDriver.java:322)
at org.openqa.selenium.remote.RemoteWebDriver.findElementByCssSelector(RemoteWebDriver.java:416)
at org.openqa.selenium.By$ByCssSelector.findElement(By.java:431)
at org.openqa.selenium.remote.RemoteWebDriver.findElement(RemoteWebDriver.java:314)
at com.codeborne.selenide.impl.WebElementSelector.findElement(WebElementSelector.java:29)
at com.codeborne.selenide.impl.ElementFinder.getWebElement(ElementFinder.java:56)
at com.codeborne.selenide.impl.SelenideElementProxy.dispatchAndRetry(SelenideElementProxy.java:93)
... 32 more
]]>
            </full-stacktrace>
          </exception> <!-- com.codeborne.selenide.ex.ElementNotFound -->
          <reporter-output>
          </reporter-output>
        </test-method> <!-- testCheckingOfProjectFilter -->
        <test-method status="PASS" signature="closeBrowser()[pri:0, instance:tests.SearchJira@d74bac4]" name="closeBrowser" is-config="true" duration-ms="87" started-at="2019-02-15T13:01:06Z" finished-at="2019-02-15T13:01:06Z">
          <reporter-output>
          </reporter-output>
        </test-method> <!-- closeBrowser -->
        <test-method status="PASS" signature="setupTest()[pri:0, instance:tests.SearchJira@d74bac4]" name="setupTest" is-config="true" duration-ms="7498" started-at="2019-02-15T13:01:06Z" finished-at="2019-02-15T13:01:13Z">
          <reporter-output>
          </reporter-output>
        </test-method> <!-- setupTest -->
        <test-method status="PASS" signature="testInvalidJQL()[pri:0, instance:tests.SearchJira@d74bac4]" name="testInvalidJQL" duration-ms="7869" started-at="2019-02-15T13:01:13Z" finished-at="2019-02-15T13:01:21Z">
          <reporter-output>
          </reporter-output>
        </test-method> <!-- testInvalidJQL -->
        <test-method status="PASS" signature="closeBrowser()[pri:0, instance:tests.SearchJira@d74bac4]" name="closeBrowser" is-config="true" duration-ms="76" started-at="2019-02-15T13:01:21Z" finished-at="2019-02-15T13:01:21Z">
          <reporter-output>
          </reporter-output>
        </test-method> <!-- closeBrowser -->
        <test-method status="PASS" signature="setupTest()[pri:0, instance:tests.SearchJira@d74bac4]" name="setupTest" is-config="true" duration-ms="5690" started-at="2019-02-15T13:01:21Z" finished-at="2019-02-15T13:01:27Z">
          <reporter-output>
          </reporter-output>
        </test-method> <!-- setupTest -->
        <test-method status="PASS" signature="testJiraCoreHelpPageOpenNewTab()[pri:0, instance:tests.SearchJira@d74bac4]" name="testJiraCoreHelpPageOpenNewTab" duration-ms="6572" started-at="2019-02-15T13:01:27Z" finished-at="2019-02-15T13:01:33Z">
          <reporter-output>
          </reporter-output>
        </test-method> <!-- testJiraCoreHelpPageOpenNewTab -->
        <test-method status="PASS" signature="closeBrowser()[pri:0, instance:tests.SearchJira@d74bac4]" name="closeBrowser" is-config="true" duration-ms="76" started-at="2019-02-15T13:01:33Z" finished-at="2019-02-15T13:01:34Z">
          <reporter-output>
          </reporter-output>
        </test-method> <!-- closeBrowser -->
        <test-method status="PASS" signature="setupTest()[pri:0, instance:tests.SearchJira@d74bac4]" name="setupTest" is-config="true" duration-ms="6175" started-at="2019-02-15T13:01:34Z" finished-at="2019-02-15T13:01:40Z">
          <reporter-output>
          </reporter-output>
        </test-method> <!-- setupTest -->
        <test-method status="FAIL" signature="testSaveFilter()[pri:0, instance:tests.SearchJira@d74bac4]" name="testSaveFilter" duration-ms="16282" started-at="2019-02-15T13:01:40Z" finished-at="2019-02-15T13:01:56Z">
          <exception class="com.codeborne.selenide.ex.ElementShould">
            <message>
              <![CDATA[Element should have attribute data-key {.focused}
Element: '<tr class="issuerow focused issue-table-draggable" data-issuekey="QAAUT7-714" id="issuerow47222" rel="47222">QAAUT7-714
No description
Unassigned Alex_Tropp BACKLOG Unresolved 12/Feb/19 12/Feb/19  </tr>']]>
            </message>
            <full-stacktrace>
              <![CDATA[Element should have attribute data-key {.focused}
Element: '<tr class="issuerow focused issue-table-draggable" data-issuekey="QAAUT7-714" id="issuerow47222" rel="47222">QAAUT7-714
No description
Unassigned Alex_Tropp BACKLOG Unresolved 12/Feb/19 12/Feb/19  </tr>'
Screenshot: file:/home/stolbtsov/Git/Search-in-Jira/build/reports/tests/1550235716069.2.png
Page source: file:/home/stolbtsov/Git/Search-in-Jira/build/reports/tests/1550235716069.2.html
Timeout: 4 s.
at com.codeborne.selenide.impl.WebElementSource.checkCondition(WebElementSource.java:66)
at com.codeborne.selenide.commands.Should.should(Should.java:35)
at com.codeborne.selenide.commands.Should.execute(Should.java:29)
at com.codeborne.selenide.commands.Should.execute(Should.java:12)
at com.codeborne.selenide.commands.Commands.execute(Commands.java:144)
at com.codeborne.selenide.impl.SelenideElementProxy.dispatchAndRetry(SelenideElementProxy.java:90)
at com.codeborne.selenide.impl.SelenideElementProxy.invoke(SelenideElementProxy.java:65)
at com.sun.proxy.$Proxy6.shouldHave(Unknown Source)
at pages.SearchPage.searchResultsContains(SearchPage.java:72)
at tests.SearchJira.testSaveFilter(SearchJira.java:73)
at sun.reflect.NativeMethodAccessorImpl.invoke0(Native Method)
at sun.reflect.NativeMethodAccessorImpl.invoke(NativeMethodAccessorImpl.java:62)
at sun.reflect.DelegatingMethodAccessorImpl.invoke(DelegatingMethodAccessorImpl.java:43)
at java.lang.reflect.Method.invoke(Method.java:498)
at org.testng.internal.MethodInvocationHelper.invokeMethod(MethodInvocationHelper.java:124)
at org.testng.internal.Invoker.invokeMethod(Invoker.java:583)
at org.testng.internal.Invoker.invokeTestMethod(Invoker.java:719)
at org.testng.internal.Invoker.invokeTestMethods(Invoker.java:989)
at org.testng.internal.TestMethodWorker.invokeTestMethods(TestMethodWorker.java:125)
at org.testng.internal.TestMethodWorker.run(TestMethodWorker.java:109)
at org.testng.TestRunner.privateRun(TestRunner.java:648)
at org.testng.TestRunner.run(TestRunner.java:505)
at org.testng.SuiteRunner.runTest(SuiteRunner.java:455)
at org.testng.SuiteRunner.runSequentially(SuiteRunner.java:450)
at org.testng.SuiteRunner.privateRun(SuiteRunner.java:415)
at org.testng.SuiteRunner.run(SuiteRunner.java:364)
at org.testng.SuiteRunnerWorker.runSuite(SuiteRunnerWorker.java:52)
at org.testng.SuiteRunnerWorker.run(SuiteRunnerWorker.java:84)
at org.testng.TestNG.runSuitesSequentially(TestNG.java:1208)
at org.testng.TestNG.runSuitesLocally(TestNG.java:1137)
at org.testng.TestNG.runSuites(TestNG.java:1049)
at org.testng.TestNG.run(TestNG.java:1017)
at org.apache.maven.surefire.testng.TestNGExecutor.run(TestNGExecutor.java:283)
at org.apache.maven.surefire.testng.TestNGXmlTestSuite.execute(TestNGXmlTestSuite.java:75)
at org.apache.maven.surefire.testng.TestNGProvider.invoke(TestNGProvider.java:120)
at org.apache.maven.surefire.booter.ForkedBooter.invokeProviderInSameClassLoader(ForkedBooter.java:384)
at org.apache.maven.surefire.booter.ForkedBooter.runSuitesInProcess(ForkedBooter.java:345)
at org.apache.maven.surefire.booter.ForkedBooter.execute(ForkedBooter.java:126)
at org.apache.maven.surefire.booter.ForkedBooter.main(ForkedBooter.java:418)
]]>
            </full-stacktrace>
          </exception> <!-- com.codeborne.selenide.ex.ElementShould -->
          <reporter-output>
          </reporter-output>
        </test-method> <!-- testSaveFilter -->
        <test-method status="PASS" signature="closeBrowser()[pri:0, instance:tests.SearchJira@d74bac4]" name="closeBrowser" is-config="true" duration-ms="85" started-at="2019-02-15T13:01:56Z" finished-at="2019-02-15T13:01:56Z">
          <reporter-output>
          </reporter-output>
        </test-method> <!-- closeBrowser -->
        <test-method status="PASS" signature="setupTest()[pri:0, instance:tests.SearchJira@d74bac4]" name="setupTest" is-config="true" duration-ms="8324" started-at="2019-02-15T13:01:56Z" finished-at="2019-02-15T13:02:04Z">
          <reporter-output>
          </reporter-output>
        </test-method> <!-- setupTest -->
        <test-method status="PASS" signature="testValidJQL()[pri:0, instance:tests.SearchJira@d74bac4]" name="testValidJQL" duration-ms="4930" started-at="2019-02-15T13:02:04Z" finished-at="2019-02-15T13:02:09Z">
          <reporter-output>
          </reporter-output>
        </test-method> <!-- testValidJQL -->
        <test-method status="PASS" signature="closeBrowser()[pri:0, instance:tests.SearchJira@d74bac4]" name="closeBrowser" is-config="true" duration-ms="88" started-at="2019-02-15T13:02:09Z" finished-at="2019-02-15T13:02:09Z">
          <reporter-output>
          </reporter-output>
        </test-method> <!-- closeBrowser -->
        <test-method status="PASS" signature="setupTest()[pri:0, instance:tests.SearchJira@d74bac4]" name="setupTest" is-config="true" duration-ms="7270" started-at="2019-02-15T13:02:09Z" finished-at="2019-02-15T13:02:17Z">
          <reporter-output>
          </reporter-output>
        </test-method> <!-- setupTest -->
        <test-method status="PASS" signature="uncheckTheBoxes()[pri:0, instance:tests.SearchJira@d74bac4]" name="uncheckTheBoxes" duration-ms="12335" started-at="2019-02-15T13:02:17Z" finished-at="2019-02-15T13:02:29Z">
          <reporter-output>
          </reporter-output>
        </test-method> <!-- uncheckTheBoxes -->
        <test-method status="PASS" signature="closeBrowser()[pri:0, instance:tests.SearchJira@d74bac4]" name="closeBrowser" is-config="true" duration-ms="83" started-at="2019-02-15T13:02:29Z" finished-at="2019-02-15T13:02:29Z">
          <reporter-output>
          </reporter-output>
        </test-method> <!-- closeBrowser -->
        <test-method status="PASS" signature="printProperties()[pri:0, instance:tests.SearchJira@d74bac4]" name="printProperties" is-config="true" duration-ms="0" started-at="2019-02-15T13:02:29Z" finished-at="2019-02-15T13:02:29Z">
          <reporter-output>
          </reporter-output>
        </test-method> <!-- printProperties -->
      </class> <!-- tests.SearchJira -->
    </test> <!-- Test -->
  </suite> <!-- TestSuite -->
</testng-results>
