<?xml version="1.0" encoding="UTF-8"?>
<testsuite xmlns:xsi="http://www.w3.org/2001/XMLSchema-instance" xsi:noNamespaceSchemaLocation="https://maven.apache.org/surefire/maven-surefire-plugin/xsd/surefire-test-report.xsd" name="TestSuite" time="183.43" tests="10" errors="0" skipped="0" failures="3">
  <properties>
[...]
</properties>
  <testcase name="CheckingProjectFilterEpicType" classname="tests.SearchJira" time="10.707">
    <failure message="Element should have attribute data-key {.focused}&#10;Element: &apos;&lt;tr class=&quot;issuerow focused issue-table-draggable&quot; data-issuekey=&quot;QAAUT7-714&quot; id=&quot;issuerow47222&quot; rel=&quot;47222&quot;&gt;QAAUT7-714&#10;No description&#10;Unassigned Alex_Tropp BACKLOG Unresolved 12/Feb/19 12/Feb/19  &lt;/tr&gt;&apos;" type="com.codeborne.selenide.ex.ElementShould"><![CDATA[com.codeborne.selenide.ex.ElementShould: 
Element should have attribute data-key {.focused}
Element: '<tr class="issuerow focused issue-table-draggable" data-issuekey="QAAUT7-714" id="issuerow47222" rel="47222">QAAUT7-714
No description
Unassigned Alex_Tropp BACKLOG Unresolved 12/Feb/19 12/Feb/19  </tr>'
	at tests.SearchJira.CheckingProjectFilterEpicType(SearchJira.java:145)
]]></failure>
    <system-err><![CDATA[SLF4J: Failed to load class "org.slf4j.impl.StaticLoggerBinder".
SLF4J: Defaulting to no-operation (NOP) logger implementation
SLF4J: See http://www.slf4j.org/codes.html#StaticLoggerBinder for further details.
Starting ChromeDriver 73.0.3683.20 (8e2b610813e167eee3619ac4ce6e42e3ec622017) on port 11416
Only local connections are allowed.
Please protect ports used by ChromeDriver and related test frameworks to prevent access by malicious code.
фев 15, 2019 2:59:31 PM org.openqa.selenium.remote.ProtocolHandshake createSession
INFO: Detected dialect: OSS
фев 15, 2019 2:59:31 PM com.codeborne.selenide.webdriver.WebDriverFactory logBrowserVersion
INFO: BrowserName=chrome Version=72.0.3626.96 Platform=LINUX
фев 15, 2019 2:59:31 PM com.codeborne.selenide.webdriver.WebDriverFactory createWebDriver
INFO: Selenide v. 4.12.3
фев 15, 2019 2:59:31 PM com.codeborne.selenide.webdriver.WebDriverFactory logSeleniumInfo
INFO: Selenium WebDriver v. 3.14.0 build time: 2018-08-02T20:19:58.91Z
фев 15, 2019 2:59:31 PM com.codeborne.selenide.impl.WebDriverThreadLocalContainer createDriver
INFO: Create webdriver in current thread 1: ChromeDriver -> ChromeDriver: chrome on LINUX (5ce16d4f0b17c75313ce74c88b3c7bb7)
фев 15, 2019 2:59:39 PM com.codeborne.selenide.impl.WebDriverThreadLocalContainer closeWebDriver
INFO: Close webdriver: 1 -> ChromeDriver: chrome on LINUX (5ce16d4f0b17c75313ce74c88b3c7bb7)
фев 15, 2019 2:59:39 PM com.codeborne.selenide.impl.WebDriverThreadLocalContainer$CloseBrowser run
INFO: Trying to close the browser ChromeDriver ...
фев 15, 2019 2:59:39 PM com.codeborne.selenide.impl.WebDriverThreadLocalContainer closeWebDriver
INFO: Closed webdriver 1 in 109 ms
Starting ChromeDriver 73.0.3683.20 (8e2b610813e167eee3619ac4ce6e42e3ec622017) on port 32718
Only local connections are allowed.
Please protect ports used by ChromeDriver and related test frameworks to prevent access by malicious code.
фев 15, 2019 2:59:40 PM org.openqa.selenium.remote.ProtocolHandshake createSession
INFO: Detected dialect: OSS
фев 15, 2019 2:59:40 PM com.codeborne.selenide.webdriver.WebDriverFactory logBrowserVersion
INFO: BrowserName=chrome Version=72.0.3626.96 Platform=LINUX
фев 15, 2019 2:59:40 PM com.codeborne.selenide.webdriver.WebDriverFactory createWebDriver
INFO: Selenide v. 4.12.3
фев 15, 2019 2:59:40 PM com.codeborne.selenide.webdriver.WebDriverFactory logSeleniumInfo
INFO: Selenium WebDriver v. 3.14.0 build time: 2018-08-02T20:19:58.91Z
фев 15, 2019 2:59:40 PM com.codeborne.selenide.impl.WebDriverThreadLocalContainer createDriver
INFO: Create webdriver in current thread 1: ChromeDriver -> ChromeDriver: chrome on LINUX (334b6f4edb1703b000b62658f303106e)
]]></system-err>
  </testcase>
  <testcase name="alertMessageOfBrowserFilterPage" classname="tests.SearchJira" time="10.285"/>
  <testcase name="checkingOfNewFilterButton" classname="tests.SearchJira" time="7.464"/>
  <testcase name="epmtyResultsIssue" classname="tests.SearchJira" time="7.71"/>
  <testcase name="testCheckingOfProjectFilter" classname="tests.SearchJira" time="10.302">
    <failure message="Element not found {.item-label}&#10;Expected: exist" type="com.codeborne.selenide.ex.ElementNotFound">com.codeborne.selenide.ex.ElementNotFound: 
Element not found {.item-label}
Expected: exist
	at tests.SearchJira.testCheckingOfProjectFilter(SearchJira.java:88)
Caused by: org.openqa.selenium.NoSuchElementException: 
no such element: Unable to locate element: {"method":"css selector","selector":".item-label"}
  (Session info: chrome=72.0.3626.96)
  (Driver info: chromedriver=73.0.3683.20 (8e2b610813e167eee3619ac4ce6e42e3ec622017),platform=Linux 4.15.0-45-generic x86_64) (WARNING: The server did not provide any stacktrace information)
Command duration or timeout: 0 milliseconds
For documentation on this error, please visit: http://seleniumhq.org/exceptions/no_such_element.html
Build info: version: '3.14.0', revision: 'aacccce0', time: '2018-08-02T20:19:58.91Z'
System info: host: 'stolbtsov-Vostro-15-3568', ip: '127.0.1.1', os.name: 'Linux', os.arch: 'amd64', os.version: '4.15.0-45-generic', java.version: '1.8.0_191'
Driver info: org.openqa.selenium.chrome.ChromeDriver
Capabilities {acceptInsecureCerts: false, acceptSslCerts: false, applicationCacheEnabled: false, browserConnectionEnabled: false, browserName: chrome, chrome: {chromedriverVersion: 73.0.3683.20 (8e2b610813e16..., userDataDir: /tmp/.com.google.Chrome.PVfdTf}, cssSelectorsEnabled: true, databaseEnabled: false, goog:chromeOptions: {debuggerAddress: localhost:33215}, handlesAlerts: true, hasTouchScreen: false, javascriptEnabled: true, locationContextEnabled: true, mobileEmulationEnabled: false, nativeEvents: true, networkConnectionEnabled: false, pageLoadStrategy: normal, platform: LINUX, platformName: LINUX, proxy: Proxy(), rotatable: false, setWindowRect: true, strictFileInteractability: false, takesHeapSnapshot: true, takesScreenshot: true, timeouts: {implicit: 0, pageLoad: 300000, script: 30000}, unexpectedAlertBehaviour: ignore, unhandledPromptBehavior: ignore, version: 72.0.3626.96, webStorageEnabled: true}
Session ID: 2eebd3cf0095816641c92f48cbd926b1
*** Element info: {Using=css selector, value=.item-label}
	at tests.SearchJira.testCheckingOfProjectFilter(SearchJira.java:88)
</failure>
    <system-err><![CDATA[фев 15, 2019 3:00:49 PM com.codeborne.selenide.impl.WebDriverThreadLocalContainer closeWebDriver
INFO: Close webdriver: 1 -> ChromeDriver: chrome on LINUX (6420cf0f3e78c7ea150a8444d10dc104)
фев 15, 2019 3:00:49 PM com.codeborne.selenide.impl.WebDriverThreadLocalContainer$CloseBrowser run
INFO: Trying to close the browser ChromeDriver ...
фев 15, 2019 3:00:49 PM com.codeborne.selenide.impl.WebDriverThreadLocalContainer closeWebDriver
INFO: Closed webdriver 1 in 80 ms
Starting ChromeDriver 73.0.3683.20 (8e2b610813e167eee3619ac4ce6e42e3ec622017) on port 9993
Only local connections are allowed.
Please protect ports used by ChromeDriver and related test frameworks to prevent access by malicious code.
фев 15, 2019 3:00:50 PM org.openqa.selenium.remote.ProtocolHandshake createSession
INFO: Detected dialect: OSS
фев 15, 2019 3:00:50 PM com.codeborne.selenide.webdriver.WebDriverFactory logBrowserVersion
INFO: BrowserName=chrome Version=72.0.3626.96 Platform=LINUX
фев 15, 2019 3:00:50 PM com.codeborne.selenide.webdriver.WebDriverFactory createWebDriver
INFO: Selenide v. 4.12.3
фев 15, 2019 3:00:50 PM com.codeborne.selenide.webdriver.WebDriverFactory logSeleniumInfo
INFO: Selenium WebDriver v. 3.14.0 build time: 2018-08-02T20:19:58.91Z
фев 15, 2019 3:00:50 PM com.codeborne.selenide.impl.WebDriverThreadLocalContainer createDriver
INFO: Create webdriver in current thread 1: ChromeDriver -> ChromeDriver: chrome on LINUX (2eebd3cf0095816641c92f48cbd926b1)
]]></system-err>
  </testcase>
  <testcase name="testInvalidJQL" classname="tests.SearchJira" time="7.869"/>
  <testcase name="testJiraCoreHelpPageOpenNewTab" classname="tests.SearchJira" time="6.573"/>
  <testcase name="testSaveFilter" classname="tests.SearchJira" time="16.281">
    <failure message="Element should have attribute data-key {.focused}&#10;Element: &apos;&lt;tr class=&quot;issuerow focused issue-table-draggable&quot; data-issuekey=&quot;QAAUT7-714&quot; id=&quot;issuerow47222&quot; rel=&quot;47222&quot;&gt;QAAUT7-714&#10;No description&#10;Unassigned Alex_Tropp BACKLOG Unresolved 12/Feb/19 12/Feb/19  &lt;/tr&gt;&apos;" type="com.codeborne.selenide.ex.ElementShould"><![CDATA[com.codeborne.selenide.ex.ElementShould: 
Element should have attribute data-key {.focused}
Element: '<tr class="issuerow focused issue-table-draggable" data-issuekey="QAAUT7-714" id="issuerow47222" rel="47222">QAAUT7-714
No description
Unassigned Alex_Tropp BACKLOG Unresolved 12/Feb/19 12/Feb/19  </tr>'
	at tests.SearchJira.testSaveFilter(SearchJira.java:73)
]]></failure>
    <system-err><![CDATA[фев 15, 2019 3:01:33 PM com.codeborne.selenide.impl.WebDriverThreadLocalContainer closeWebDriver
INFO: Close webdriver: 1 -> ChromeDriver: chrome on LINUX (7c77b7f3f69506f8270a22b351adaf28)
фев 15, 2019 3:01:33 PM com.codeborne.selenide.impl.WebDriverThreadLocalContainer$CloseBrowser run
INFO: Trying to close the browser ChromeDriver ...
фев 15, 2019 3:01:34 PM com.codeborne.selenide.impl.WebDriverThreadLocalContainer closeWebDriver
INFO: Closed webdriver 1 in 76 ms
Starting ChromeDriver 73.0.3683.20 (8e2b610813e167eee3619ac4ce6e42e3ec622017) on port 14153
Only local connections are allowed.
Please protect ports used by ChromeDriver and related test frameworks to prevent access by malicious code.
фев 15, 2019 3:01:34 PM org.openqa.selenium.remote.ProtocolHandshake createSession
INFO: Detected dialect: OSS
фев 15, 2019 3:01:34 PM com.codeborne.selenide.webdriver.WebDriverFactory logBrowserVersion
INFO: BrowserName=chrome Version=72.0.3626.96 Platform=LINUX
фев 15, 2019 3:01:34 PM com.codeborne.selenide.webdriver.WebDriverFactory createWebDriver
INFO: Selenide v. 4.12.3
фев 15, 2019 3:01:34 PM com.codeborne.selenide.webdriver.WebDriverFactory logSeleniumInfo
INFO: Selenium WebDriver v. 3.14.0 build time: 2018-08-02T20:19:58.91Z
фев 15, 2019 3:01:34 PM com.codeborne.selenide.impl.WebDriverThreadLocalContainer createDriver
INFO: Create webdriver in current thread 1: ChromeDriver -> ChromeDriver: chrome on LINUX (7669d31f25c19d626e9d2cafa3503454)
]]></system-err>
  </testcase>
  <testcase name="testValidJQL" classname="tests.SearchJira" time="4.931"/>
  <testcase name="uncheckTheBoxes" classname="tests.SearchJira" time="12.334"/>
</testsuite>